Bk230_kernel_mappings: 
flags: dev=427 shm=227 dat=027 txt=02b
k230_kernel_mappings: map DEV L2(274MB)
k230_kernel_mappings: map INT L2(4MB)
k230_kernel_mappings: map kernel L2/L3(2048KB)
k230_kernel_mappings: map pgpool L2(14MB)
k230_kernel_mappings: map shmem L2(32KB)
k230_kernel_mappings: connect L1, L2 and L3
k230_mm_init: mmu_enable: satp=7083000
Cnx_start: Entry
mm_initialize: Heap: name=Kmem, start=0x7089c00 size=1532928
mm_addregion: [Kmem] Region 1: base=0x7089ea8 size=1532240
up_irqinitialize: prioritized 138 irqs
up_irq_enable: ie=200 sts=46102 ctx=528
up_enable_irq: ie=220 sts=46102 irq=21
uart_register: Registering /dev/console
uart_register: Registering /dev/ttyS3
up_enable_irq: ie=220 sts=46020 irq=44
work_start_lowpri: Starting low-priority kernel worker thread(s)
nxtask_activate: lpwork pid=1,TCB=0x708b0a0
nxtask_activate: AppBringUp pid=2,TCB=0x708b670
mm_free: Freeing 0x708b040, tid=0
mm_free: Freeing 0x708b080, tid=0
mm_free: Freeing 0x708b060, tid=0
k230_hart_is_big: g_misa=0
debug_dumps: is_big=0
nx_mount: found procfs
up_enable_irq: ie=220 sts=42022 irq=134
k230_ipi_init: devn=0,lmsk=1,role=R,r2me=10001,m2re=10001,ret=0
nxtask_activate: rptun pid=3,TCB=0x708c860
nx_mount: found rpmsgfs
mm_free: Freeing 0x708d010, tid=2
nx_start_application: Starting init task: /system/bin/init
rp_get_resource: wait for shmem 0x80200000...
rp_get_resource: shmem:80200000, dev:0x7082a80
nx_starpmsgfs_client_read: 64 in 0x708e590[64] tid=2
mm_malloc: corrupted at 0x708dff0
_assert: Current Version: NuttX remote 12.4.0-RC0 5ac401d941-dirty Mar 12 2024 14:54:10 risc-v
_assert: Assertion failed : at file: mm_heap/mm_malloc.c:246 task: AppBringUp process: Kernel 0x7002290
up_dump_register: EPC: 00000000070224d4
up_dump_register: A0: 0000000007082870 A1: 00000000000000f6 A2: 0000000000000000 A3: 0000000000000000
up_dump_register: A4: 0000000000000001 A5: 0000000000000000 A6: 0000000000000002 A7: 0000000000000001
up_dump_register: T0: 0000000000000000 T1: 0000000000000000 T2: 0000000000000000 T3: 0000000000000000
up_dump_register: T4: 0000000000000000 T5: 0000000000000000 T6: 0000000000000000
up_dump_register: S0: 0000000000000000 S1: 0000000000000000 S2: 0000000000000000 S3: 0000000000000000
up_dump_register: S4: 0000000000000000 S5: 0000000000000000 S6: 0000000000000000 S7: 0000000000000000
up_dump_register: S8: 0000000000000000 S9: 0000000000000000 S10: 0000000000000000 S11: 0000000000000000
up_dump_register: SP: 000000000708e300 FP: 0000000000000000 TP: 0000000000000000 RA: 00000000070224d4
dump_stack: User Stack:
dump_stack:   base: 0x708e030
dump_stack:   size: 00002000
dump_stack:     sp: 0x708e300
stack_dump: 0x708e2e0: 00000000 00000000 00000000 00000000 0708b7c0 00000000 070225fc 00000000
stack_dump: 0x708e300: 07002290 00000000 0700ba04 00000000 07082870 00000000 00000000 00000000
stack_dump: 0x708e320: 0703b878 000000f6 0703b860 00000000 7474754e 00000058 07025e40 00000000
stack_dump: 0x708e340: 00000000 6d657200 0065746f 00000000 0703b878 00000000 0701da10 00000006
stack_dump: 0x708e360: 00000022 2e323100 2d302e34 00304352 07028e58 00000000 6135c116 31303463
stack_dump: 0x708e380: 31343964 7269642d 4d207974 31207261 30322032 31203432 34353a34 0030313a
stack_dump: 0x708e3a0: 01000000 00000000 0708e420 73697200 00762d63 00000000 00042022 00000006
stack_dump: 0x708e3c0: 00000000 00000040 0708b670 00000000 07082870 00000000 00000000 00000000
stack_dump: 0x708e3e0: 0703b860 00000000 000000f6 00000000 00042022 00000002 0708b670 00000000
stack_dump: 0x708e400: 0708d040 01000000 00000000 00000000 00000000 00000000 07009f6c 00000000
stack_dump: 0x708e420: 0703fa88 00000000 00000000 00000000 00000b60 000000f6 0703b860 00000000
stack_dump: 0x708e440: 00000002 00000000 0700d746 00000000 00000070 00000000 07089c00 00000000
stack_dump: 0x708e460: 0708ce80 00000000 0702d6dc 00000000 0708dff0 00000000 00000040 00000002
stack_dump: 0x708e480: 00000080 00000000 00000000 00000000 00000b60 00000000 0708d490 00000000
stack_dump: 0x708e4a0: 00000000 00000000 0700c81c 00000000 070417b8 00000000 00000070 00000000
stack_dump: 0x708e4c0: 070417bc 00000000 0702079a 00000000 00000040 00000000 0708e550 00000000
stack_dump: 0x708e4e0: 00000040 00000000 00000070 00000000 0708e788 00000000 070205ec 00000000
stack_dump: 0x708e500: 0708e550 00000000 0708e550 00000000 00080000 00000000 07028eb0 00000000
stack_dump: 0x708e520: 0708d0e0 00000000 0701f850 00000000 0703ad90 00000000 00000000 00000000
stack_dump: 0x708e540: 0703ad90 00000000 0708d120 00000000 00000000 00000000 00000000 00000000
stack_dump: 0x708e560: 00000000 00000000 00000000 00000000 00000000 00000000 00000000 00000000
stack_dump: 0x708e580: 0000ea40 00000000 00000000 0000816d 464c457f 00010102 00000000 00000000
stack_dump: 0x708e5a0: 00f30002 00000001 c000004a 00000000 00000040 00000000 0000e280 00000000
stack_dump: 0x708e5c0: 00000005 00380040 00400002 001e001f 00000000 00000000 00000000 00000000
stack_dump: 0x708e5e0: 00000000 00000000 00000000 00000000 00000000 00000000 00000000 00000000
stack_dump: 0x708e600: 00000401 00000040 0708ce80 00000000 0708d010 00000000 07089c00 00000000
stack_dump: 0x708e620: 0708b670 00000000 07020c98 00000000 0708dff0 00000000 00000000 00000000
stack_dump: 0x708e640: 0703ad90 00000000 0708d120 00000000 00000000 fffffffe 070802a0 00000000
stack_dump: 0x708e660: 00000000 00000000 07020d5e 00000000 00000060 00000000 00000000 00000000
stack_dump: 0x708e680: 0703ad90 00000000 0708d120 00000000 0000003b 00000000 0700c864 00000000
stack_dump: 0x708e6a0: 07028e58 00000000 00000060 00000000 0000000a 00000000 0701f6c4 00000000
stack_dump: 0x708e6c0: 00000000 00000000 0708e788 00000000 00000000 00000000 0108e750 00000000
stack_dump: 0x708e6e0: 00000000 00000000 00000000 00000000 0708e7a0 00000000 0703ad90 00000000
stack_dump: 0x708e700: 0703ad60 00000000 0700c5d2 00000000 0708d120 00000000 0708e780 00000000
stack_dump: 0x708e720: 0703ada8 00000000 0701f790 00000000 0708b670 00000001 0708e788 00000000
stack_dump: 0x708e740: 00000000 00000000 0700a7d6 00000000 00000000 00000000 00000000 00000000
stack_dump: 0x708e760: 0708e7a0 00000000 0703ad90 00000000 0708e6e8 00000000 0700225c 00000000
stack_dump: 0x708e780: 00000000 00000000 00026400 00000000 00000000 00000000 00000c00 00000000
stack_dump: 0x708e7a0: 00000000 00000000 00000000 00000000 00000000 00000000 0700229e 00000000
stack_dump: 0x708e7c0: 0708e010 00000000 00000000 00000001 00000000 00000000 070033be 00000000
stack_dump: 0x708e7e0: 00000001 00000001 0708b670 00000000 00000000 00000000 00000000 00000000
stack_dump: 0x708e800: 00000000 00000000 00000000 00000000 00000000 00000000 00000000 00000000
