Bk230_kernel_mappings: 
flags: dev=427 shm=227 dat=027 txt=02b
k230_kernel_mappings: map DEV L2(274MB)
k230_kernel_mappings: map INT L2(4MB)
k230_kernel_mappings: map kernel L2/L3(2048KB)
k230_kernel_mappings: map pgpool L2(14MB)
k230_kernel_mappings: map shmem L2(32KB)
k230_kernel_mappings: connect L1, L2 and L3
k230_mm_init: mmu_enable: satp=7083000
Cnx_start: Entry
mm_initialize: Heap: name=Kmem, start=0x7089c00 size=1532928
mm_addregion: [Kmem] Region 1: base=0x7089ea8 size=1532240
mm_malloc: Allocated 0x7089ed0, size 512, tid=0
mm_malloc: Allocated 0x708a0d0, size 48, tid=0
mm_malloc: Allocated 0x708a100, size 688, tid=0
mm_malloc: Allocated 0x708a3b0, size 80, tid=0
up_irqinitialize: prioritized 138 irqs
up_irq_enable: ie=200 sts=46102 ctx=528
mm_malloc: Allocated 0x708a400, size 64, tid=0
up_enable_irq: ie=220 sts=46102 irq=21
mm_malloc: Allocated 0x708a440, size 240, tid=0
mm_malloc: Allocated 0x708a530, size 464, tid=0
mm_malloc: Allocated 0x708a700, size 176, tid=0
mm_malloc: Allocated 0x708a7b0, size 336, tid=0
mm_malloc: Allocated 0x708a900, size 464, tid=0
mm_malloc: Allocated 0x708aad0, size 464, tid=0
mm_malloc: Allocated 0x708aca0, size 528, tid=0
uart_register: Registering /dev/console
mm_malloc: Allocated 0x708aeb0, size 80, tid=0
mm_malloc: Allocated 0x708af00, size 80, tid=0
uart_register: Registering /dev/ttyS3
mm_malloc: Allocated 0x708af50, size 80, tid=0
mm_malloc: Allocated 0x708afa0, size 80, tid=0
mm_malloc: Allocated 0x708aff0, size 80, tid=0
up_enable_irq: ie=220 sts=46020 irq=44
mm_malloc: Allocated 0x708b040, size 32, tid=0
mm_malloc: Allocated 0x708b060, size 32, tid=0
mm_malloc: Allocated 0x708b080, size 32, tid=0
work_start_lowpri: Starting low-priority kernel worker thread(s)
mm_malloc: Allocated 0x708b0a0, size 800, tid=0
mm_malloc: Allocated 0x708b3c0, size 688, tid=0
mm_malloc: Allocated 0x708b670, size 18448, tid=0
nxtask_activate: lpwork pid=1,TCB=0x708b0a0
mm_malloc: Allocated 0x708b670, size 800, tid=0
mm_malloc: Allocated 0x708b990, size 688, tid=0
mm_malloc: Allocated 0x708bc40, size 32, tid=0
mm_malloc: Allocated 0x708bc60, size 32, tid=0
mm_malloc: Allocated 0x708bc80, size 32, tid=0
mm_malloc: Allocated 0x708c810, size 18448, tid=0
nxtask_activate: AppBringUp pid=2,TCB=0x708b670
mm_free: Freeing 0x708b040, tid=0
mm_free: Freeing 0x708b080, tid=0
mm_free: Freeing 0x708b060, tid=0
k230_hart_is_big: g_misa=0
debug_dumps: is_big=0
nx_mount: found procfs
mm_malloc: Allocated 0x708b040, size 80, tid=2
up_enable_irq: ie=220 sts=42022 irq=134
k230_ipi_init: devn=0,lmsk=1,role=R,r2me=10001,m2re=10001,ret=0
mm_malloc: Allocated 0x708bca0, size 784, tid=2
mm_malloc: Allocated 0x708bfb0, size 80, tid=2
mm_malloc: corrupted at 0x708dff0
_assert: Current Version: NuttX remote 12.4.0-RC0 5ac401d941-dirty Mar 12 2024 15:29:28 risc-v
_assert: Assertion failed : at file: mm_heap/mm_malloc.c:246 task: AppBringUp process: Kernel 0x7002290
up_dump_register: EPC: 00000000070228fe
up_dump_register: A0: 0000000007082870 A1: 00000000000000f6 A2: 0000000000000000 A3: 0000000000000000
up_dump_register: A4: 0000000000000001 A5: 0000000000000000 A6: 0000000000010001 A7: 0000000000010001
up_dump_register: T0: 0000000000000000 T1: 0000000000000000 T2: 0000000000000000 T3: 0000000000000000
up_dump_register: T4: 0000000000000000 T5: 0000000000000000 T6: 0000000000000000
up_dump_register: S0: 0000000000000000 S1: 0000000000000000 S2: 0000000000000000 S3: 0000000000000000
up_dump_register: S4: 0000000000000000 S5: 0000000000000000 S6: 0000000000000000 S7: 0000000000000000
up_dump_register: S8: 0000000000000000 S9: 0000000000000000 S10: 0000000000000000 S11: 0000000000000000
up_dump_register: SP: 000000000708e350 FP: 0000000000000000 TP: 0000000000000000 RA: 00000000070228fe
dump_stack: User Stack:
dump_stack:   base: 0x708e030
dump_stack:   size: 00002000
dump_stack:     sp: 0x708e350
stack_dump: 0x708e330: 00000000 00000000 00000000 00000000 0708b7c0 00000000 07022a26 00000000
stack_dump: 0x708e350: 07002290 00000000 0700ba3c 00000000 07082870 00000000 00000000 00000000
stack_dump: 0x708e370: 0703bb58 000000f6 0703bb40 00000000 7474754e 00000058 0702626a 00000000
stack_dump: 0x708e390: 0000000a 6d657200 0065746f 00000000 0703bb58 00000000 0708e500 00000006
stack_dump: 0x708e3b0: 00000022 2e323100 2d302e34 00304352 07029282 00000000 6135c14e 31303463
stack_dump: 0x708e3d0: 31343964 7269642d 4d207974 31207261 30322032 31203432 39323a35 0038323a
stack_dump: 0x708e3f0: 00000000 00000000 0708e470 73697200 00762d63 00000000 00042022 00000006
stack_dump: 0x708e410: 62373832 00373038 0708b670 00000000 07082870 00000000 00000000 00000000
stack_dump: 0x708e430: 0703bb40 00000000 000000f6 00000000 00042022 00000002 0708b670 00000000
stack_dump: 0x708e450: 0708e4d0 01000000 00000000 00000000 00000001 00000000 07009fa4 00000000
stack_dump: 0x708e470: 0703fdd0 00000000 00000000 00000000 000017f0 000000f6 0703bb40 00000000
stack_dump: 0x708e490: 00010001 00000000 0700d79a 00000000 00000046 00000000 07089c00 00000000
stack_dump: 0x708e4b0: 07082ad8 00000000 00000001 00000000 0708dff0 00000000 0708bfb0 00000001
stack_dump: 0x708e4d0: 00000050 00000000 00000000 00000000 000017f0 00000000 0708c800 00000000
stack_dump: 0x708e4f0: 0703ef76 00000000 0700dee0 00000000 00000046 00000000 07089c00 00000000
stack_dump: 0x708e510: ffffffff fffffffe 0708bfb0 00000000 0708aeb0 00000000 0700c89c 00000000
stack_dump: 0x708e530: 00000000 00000000 00000046 00000000 0708e6ba 00000000 07012554 00000000
stack_dump: 0x708e550: 0703bb70 00000092 0708e6bb 00000000 0708afa0 00000000 0708e6c1 00000006
stack_dump: 0x708e570: 00000000 00000000 070126e2 00000000 00042022 00000002 0708e640 00000000
stack_dump: 0x708e590: 0708b670 00000092 0708e6b0 00000000 00000000 00000000 0708e6b5 00000000
stack_dump: 0x708e5b0: 00000000 00000000 0708afa0 00000000 0708aeb0 00000000 00000000 00000000
stack_dump: 0x708e5d0: 00000000 00000000 0700a200 00000000 0708bfb0 00000000 0708e6c1 00000000
stack_dump: 0x708e5f0: 0708e6a0 fffffffe 0708e6bb 00000000 0708bfb0 00000000 00000000 00000000
stack_dump: 0x708e610: 0708bff0 00000000 070140da 00000000 0708bca0 00000000 0700c01a 00000092
stack_dump: 0x708e630: 07040f88 00000000 0708e6b0 00000000 00000000 00000000 0000001f 00000000
stack_dump: 0x708e650: 00000000 00000011 0702593e 00000000 070419c0 00000000 07041a18 00000000
stack_dump: 0x708e670: 0708bca0 00000000 0708e6b0 00000000 0708e6b0 00000000 07082ad8 00000000
stack_dump: 0x708e690: 00010001 00000000 070350ae 00000000 00000000 00000000 07082a80 00000000
stack_dump: 0x708e6b0: 7665642f 7470722f 6d2f6e75 65747361 00000072 00000000 00000052 00000000
stack_dump: 0x708e6d0: 00010001 00000000 00010001 00000000 00000000 00000000 00000000 00000000
stack_dump: 0x708e6f0: 07082a80 00000000 0702a598 00000000 0700c5da 00000000 00000006 00000000
stack_dump: 0x708e710: 0708bca0 00000000 07082af8 00000000 07082af8 00000000 0702a62e 00000000
stack_dump: 0x708e730: 0703d2d0 00000000 0703d2d8 00000000 07082a80 00000000 00000000 00000000
stack_dump: 0x708e750: 00000000 00000000 070221ba 00000000 00000000 00000000 00000000 00000000
stack_dump: 0x708e770: 00000000 00000000 070021ac 00000000 00000000 00000000 00000000 00000000
stack_dump: 0x708e790: 00000000 00000000 00000000 00000000 00000000 00000000 00000000 00000000
stack_dump: 0x708e7b0: 00000000 00000000 0700229e 00000000 0708e010 00000000 00000000 00000001
stack_dump: 0x708e7d0: 00000000 00000000 070033f6 00000000 00000001 00000001 0708b670 00000000
stack_dump: 0x708e7f0: 00000000 00000000 00000000 00000000 00000000 00000000 00000000 00000000
